# JRE version: OpenJDK Runtime Environment Temurin-17.0.9+9 (17.0.9+9) (build 17.0.9+9)
# Java VM: OpenJDK 64-Bit Server VM Temurin-17.0.9+9 (17.0.9+9, mixed mode, emulated-client, tiered, compressed oops, compressed class ptrs, g1 gc, linux-amd64)
GC Precious Log:
 CPUs: 8 total, 8 available
 Memory: 7863M
 Large Page Support: Disabled
 NUMA Support: Disabled
 Compressed Oops: Enabled (32-bit)
 Heap Region Size: 1M
 Heap Min Capacity: 8M
 Heap Initial Capacity: 124M
 Heap Max Capacity: 1G
 Pre-touch: Disabled
 Parallel Workers: 8
 Concurrent Workers: 2
 Concurrent Refinement Workers: 8
 Periodic GC: Disabled
Heap:
 garbage-first heap   total 211968K, used 96040K [0x00000000c0000000, 0x0000000100000000)
  region size 1024K, 57 young (58368K), 7 survivors (7168K)
 Metaspace       used 60795K, committed 61312K, reserved 1114112K
  class space    used 7367K, committed 7616K, reserved 1048576K
GC Heap History (20 events):
Event: 67,557 GC heap before
{Heap before GC invocations=17 (full 0):
 garbage-first heap   total 92160K, used 53993K [0x00000000c0000000, 0x0000000100000000)
  region size 1024K, 12 young (12288K), 1 survivors (1024K)
 Metaspace       used 55317K, committed 55744K, reserved 1114112K
  class space    used 6676K, committed 6912K, reserved 1048576K
}
Event: 67,559 GC heap after
{Heap after GC invocations=18 (full 0):
 garbage-first heap   total 92160K, used 43083K [0x00000000c0000000, 0x0000000100000000)
  region size 1024K, 1 young (1024K), 1 survivors (1024K)
 Metaspace       used 55317K, committed 55744K, reserved 1114112K
  class space    used 6676K, committed 6912K, reserved 1048576K
}
Event: 68,158 GC heap before
{Heap before GC invocations=19 (full 0):
 garbage-first heap   total 92160K, used 64587K [0x00000000c0000000, 0x0000000100000000)
  region size 1024K, 23 young (23552K), 1 survivors (1024K)
 Metaspace       used 58731K, committed 59264K, reserved 1114112K
  class space    used 7063K, committed 7296K, reserved 1048576K
}
Event: 68,163 GC heap after
{Heap after GC invocations=20 (full 0):
 garbage-first heap   total 92160K, used 44828K [0x00000000c0000000, 0x0000000100000000)
  region size 1024K, 3 young (3072K), 3 survivors (3072K)
 Metaspace       used 58731K, committed 59264K, reserved 1114112K
  class space    used 7063K, committed 7296K, reserved 1048576K
}
Event: 68,430 GC heap before
{Heap before GC invocations=20 (full 0):
 garbage-first heap   total 92160K, used 45852K [0x00000000c0000000, 0x0000000100000000)
  region size 1024K, 4 young (4096K), 3 survivors (3072K)
 Metaspace       used 58889K, committed 59392K, reserved 1114112K
  class space    used 7088K, committed 7296K, reserved 1048576K
}
Event: 68,438 GC heap after
{Heap after GC invocations=21 (full 0):
 garbage-first heap   total 92160K, used 44614K [0x00000000c0000000, 0x0000000100000000)
  region size 1024K, 1 young (1024K), 1 survivors (1024K)
 Metaspace       used 58889K, committed 59392K, reserved 1114112K
  class space    used 7088K, committed 7296K, reserved 1048576K
}
Event: 155,060 GC heap before
{Heap before GC invocations=21 (full 0):
 garbage-first heap   total 92160K, used 47686K [0x00000000c0000000, 0x0000000100000000)
  region size 1024K, 6 young (6144K), 1 survivors (1024K)
 Metaspace       used 59108K, committed 59648K, reserved 1114112K
  class space    used 7136K, committed 7360K, reserved 1048576K
}
Event: 155,062 GC heap after
{Heap after GC invocations=22 (full 0):
 garbage-first heap   total 92160K, used 43143K [0x00000000c0000000, 0x0000000100000000)
  region size 1024K, 1 young (1024K), 1 survivors (1024K)
 Metaspace       used 59108K, committed 59648K, reserved 1114112K
  class space    used 7136K, committed 7360K, reserved 1048576K
}
Event: 162,992 GC heap before
{Heap before GC invocations=23 (full 0):
 garbage-first heap   total 92160K, used 69767K [0x00000000c0000000, 0x0000000100000000)
  region size 1024K, 25 young (25600K), 1 survivors (1024K)
 Metaspace       used 58917K, committed 59648K, reserved 1114112K
  class space    used 7093K, committed 7360K, reserved 1048576K
}
Event: 162,997 GC heap after
{Heap after GC invocations=24 (full 0):
 garbage-first heap   total 92160K, used 45179K [0x00000000c0000000, 0x0000000100000000)
  region size 1024K, 2 young (2048K), 2 survivors (2048K)
 Metaspace       used 58917K, committed 59648K, reserved 1114112K
  class space    used 7093K, committed 7360K, reserved 1048576K
}
Event: 163,005 GC heap before
{Heap before GC invocations=24 (full 0):
 garbage-first heap   total 92160K, used 46203K [0x00000000c0000000, 0x0000000100000000)
  region size 1024K, 4 young (4096K), 2 survivors (2048K)
 Metaspace       used 58917K, committed 59648K, reserved 1114112K
  class space    used 7093K, committed 7360K, reserved 1048576K
}
Event: 163,014 GC heap after
{Heap after GC invocations=25 (full 0):
 garbage-first heap   total 92160K, used 40901K [0x00000000c0000000, 0x0000000100000000)
  region size 1024K, 1 young (1024K), 1 survivors (1024K)
 Metaspace       used 58917K, committed 59648K, reserved 1114112K
  class space    used 7093K, committed 7360K, reserved 1048576K
}
Event: 163,025 GC heap before
{Heap before GC invocations=25 (full 0):
 garbage-first heap   total 92160K, used 43973K [0x00000000c0000000, 0x0000000100000000)
  region size 1024K, 4 young (4096K), 1 survivors (1024K)
 Metaspace       used 58917K, committed 59648K, reserved 1114112K
  class space    used 7093K, committed 7360K, reserved 1048576K
}
Event: 163,031 GC heap after
{Heap after GC invocations=26 (full 0):
 garbage-first heap   total 211968K, used 41524K [0x00000000c0000000, 0x0000000100000000)
  region size 1024K, 1 young (1024K), 1 survivors (1024K)
 Metaspace       used 58917K, committed 59648K, reserved 1114112K
  class space    used 7093K, committed 7360K, reserved 1048576K
}
Event: 1326,463 GC heap before
{Heap before GC invocations=26 (full 0):
 garbage-first heap   total 211968K, used 137780K [0x00000000c0000000, 0x0000000100000000)
  region size 1024K, 95 young (97280K), 1 survivors (1024K)
 Metaspace       used 59772K, committed 60224K, reserved 1114112K
  class space    used 7220K, committed 7424K, reserved 1048576K
}
Event: 1326,471 GC heap after
{Heap after GC invocations=27 (full 0):
 garbage-first heap   total 211968K, used 44900K [0x00000000c0000000, 0x0000000100000000)
  region size 1024K, 5 young (5120K), 5 survivors (5120K)
 Metaspace       used 59772K, committed 60224K, reserved 1114112K
  class space    used 7220K, committed 7424K, reserved 1048576K
}
Event: 5422,603 GC heap before
{Heap before GC invocations=27 (full 0):
 garbage-first heap   total 211968K, used 164708K [0x00000000c0000000, 0x0000000100000000)
  region size 1024K, 123 young (125952K), 5 survivors (5120K)
 Metaspace       used 60631K, committed 61056K, reserved 1114112K
  class space    used 7336K, committed 7552K, reserved 1048576K
}
Event: 5422,629 GC heap after
{Heap after GC invocations=28 (full 0):
 garbage-first heap   total 211968K, used 47493K [0x00000000c0000000, 0x0000000100000000)
  region size 1024K, 7 young (7168K), 7 survivors (7168K)
 Metaspace       used 60631K, committed 61056K, reserved 1114112K
  class space    used 7336K, committed 7552K, reserved 1048576K
}
Event: 5648,913 GC heap before
{Heap before GC invocations=28 (full 0):
 garbage-first heap   total 211968K, used 166277K [0x00000000c0000000, 0x0000000100000000)
  region size 1024K, 124 young (126976K), 7 survivors (7168K)
 Metaspace       used 60794K, committed 61312K, reserved 1114112K
  class space    used 7366K, committed 7616K, reserved 1048576K
}
Event: 5648,916 GC heap after
{Heap after GC invocations=29 (full 0):
 garbage-first heap   total 211968K, used 46888K [0x00000000c0000000, 0x0000000100000000)
  region size 1024K, 7 young (7168K), 7 survivors (7168K)
 Metaspace       used 60794K, committed 61312K, reserved 1114112K
  class space    used 7366K, committed 7616K, reserved 1048576K
}

